<?xml version="1.0" encoding="UTF-8"?>
<!-- Generated by org.testng.reporters.JUnitXMLReporter -->
<testsuite ignored="0" hostname="DESKTOP-B0M0N56" failures="0" tests="4" name="Website Test" time="14.59" errors="0" timestamp="2021-07-21T20:18:01 EDT">
  <testcase classname="website.QuizTest" name="buttonTest" time="0.372"/>
  <testcase classname="website.QuizTest" name="form" time="0.183"/>
  <testcase classname="website.LinkTest" name="gitHubTest" time="3.376"/>
  <testcase classname="website.LinkTest" name="otherLinks" time="1.609"/>
</testsuite> <!-- Website Test -->
