<?xml version="1.0" encoding="UTF-8"?>
<!-- Generated by org.testng.reporters.JUnitXMLReporter -->
<testsuite ignored="0" hostname="DESKTOP-B0M0N56" failures="0" tests="4" name="Website Test" time="9.282" errors="0" timestamp="2021-06-26T13:03:09 EDT">
  <testcase classname="website.QuizTest" name="buttonTest" time="0.389"/>
  <testcase classname="website.QuizTest" name="form" time="0.185"/>
  <testcase classname="website.LinkTest" name="gitHubTest" time="0.001"/>
  <testcase classname="website.LinkTest" name="otherLinks" time="0.001"/>
</testsuite> <!-- Website Test -->
