<?xml version="1.0" encoding="UTF-8"?>
<testng-results ignored="0" total="4" passed="4" failed="0" skipped="0">
  <reporter-output>
  </reporter-output>
  <suite started-at="2021-07-21T20:17:46 EDT" name="Regression TestSuit" finished-at="2021-07-21T20:18:01 EDT" duration-ms="14590">
    <groups>
    </groups>
    <test started-at="2021-07-21T20:17:46 EDT" name="Website Test" finished-at="2021-07-21T20:18:01 EDT" duration-ms="14590">
      <class name="website.LinkTest">
        <test-method is-config="true" signature="setUp()[pri:0, instance:website.LinkTest@2cd2a21f]" started-at="2021-07-21T20:17:52 EDT" name="setUp" finished-at="2021-07-21T20:17:53 EDT" duration-ms="1642" status="PASS">
          <reporter-output>
          </reporter-output>
        </test-method> <!-- setUp -->
        <test-method signature="gitHubTest()[pri:0, instance:website.LinkTest@2cd2a21f]" started-at="2021-07-21T20:17:53 EDT" name="gitHubTest" finished-at="2021-07-21T20:17:57 EDT" duration-ms="3376" status="PASS">
          <reporter-output>
          </reporter-output>
        </test-method> <!-- gitHubTest -->
        <test-method signature="otherLinks()[pri:0, instance:website.LinkTest@2cd2a21f]" started-at="2021-07-21T20:17:57 EDT" name="otherLinks" finished-at="2021-07-21T20:17:58 EDT" duration-ms="1609" status="PASS">
          <reporter-output>
          </reporter-output>
        </test-method> <!-- otherLinks -->
        <test-method is-config="true" signature="tearDown()[pri:0, instance:website.LinkTest@2cd2a21f]" started-at="2021-07-21T20:17:58 EDT" name="tearDown" finished-at="2021-07-21T20:18:01 EDT" duration-ms="2628" status="PASS">
          <reporter-output>
          </reporter-output>
        </test-method> <!-- tearDown -->
      </class> <!-- website.LinkTest -->
      <class name="website.QuizTest">
        <test-method is-config="true" signature="setUp()[pri:0, instance:website.QuizTest@34f7cfd9]" started-at="2021-07-21T20:17:46 EDT" name="setUp" finished-at="2021-07-21T20:17:48 EDT" duration-ms="2155" status="PASS">
          <reporter-output>
          </reporter-output>
        </test-method> <!-- setUp -->
        <test-method signature="buttonTest()[pri:0, instance:website.QuizTest@34f7cfd9]" started-at="2021-07-21T20:17:48 EDT" name="buttonTest" finished-at="2021-07-21T20:17:49 EDT" duration-ms="372" status="PASS">
          <reporter-output>
          </reporter-output>
        </test-method> <!-- buttonTest -->
        <test-method signature="form()[pri:0, instance:website.QuizTest@34f7cfd9]" started-at="2021-07-21T20:17:49 EDT" name="form" finished-at="2021-07-21T20:17:49 EDT" duration-ms="183" status="PASS">
          <reporter-output>
          </reporter-output>
        </test-method> <!-- form -->
        <test-method is-config="true" signature="tearDown()[pri:0, instance:website.QuizTest@34f7cfd9]" started-at="2021-07-21T20:17:49 EDT" name="tearDown" finished-at="2021-07-21T20:17:52 EDT" duration-ms="2599" status="PASS">
          <reporter-output>
          </reporter-output>
        </test-method> <!-- tearDown -->
      </class> <!-- website.QuizTest -->
    </test> <!-- Website Test -->
  </suite> <!-- Regression TestSuit -->
</testng-results>
