<?xml version="1.0" encoding="UTF-8"?>
<testng-results ignored="0" total="2" passed="2" failed="0" skipped="0">
  <reporter-output>
  </reporter-output>
  <suite started-at="2021-06-26T13:55:14 EDT" name="Default suite" finished-at="2021-06-26T13:55:22 EDT" duration-ms="8028">
    <groups>
    </groups>
    <test started-at="2021-06-26T13:55:14 EDT" name="Default test" finished-at="2021-06-26T13:55:22 EDT" duration-ms="8028">
      <class name="website.LinkTest">
        <test-method is-config="true" signature="setUp()[pri:0, instance:website.LinkTest@378542de]" started-at="2021-06-26T13:55:14 EDT" name="setUp" finished-at="2021-06-26T13:55:16 EDT" duration-ms="1731" status="PASS">
          <reporter-output>
          </reporter-output>
        </test-method> <!-- setUp -->
        <test-method signature="gitHubTest()[pri:0, instance:website.LinkTest@378542de]" started-at="2021-06-26T13:55:16 EDT" name="gitHubTest" finished-at="2021-06-26T13:55:19 EDT" duration-ms="2582" status="PASS">
          <reporter-output>
          </reporter-output>
        </test-method> <!-- gitHubTest -->
        <test-method signature="otherLinks()[pri:0, instance:website.LinkTest@378542de]" started-at="2021-06-26T13:55:19 EDT" name="otherLinks" finished-at="2021-06-26T13:55:20 EDT" duration-ms="1078" status="PASS">
          <reporter-output>
          </reporter-output>
        </test-method> <!-- otherLinks -->
        <test-method is-config="true" signature="tearDown()[pri:0, instance:website.LinkTest@378542de]" started-at="2021-06-26T13:55:20 EDT" name="tearDown" finished-at="2021-06-26T13:55:22 EDT" duration-ms="2615" status="PASS">
          <reporter-output>
          </reporter-output>
        </test-method> <!-- tearDown -->
      </class> <!-- website.LinkTest -->
    </test> <!-- Default test -->
  </suite> <!-- Default suite -->
</testng-results>
